<?xml version="1.0" encoding="utf-8"?>
<coverage line-rate="0.5761999999999999" branch-rate="0.5804" version="1.9" timestamp="1778036469" lines-covered="1587" lines-valid="2754" branches-covered="238" branches-valid="410">
  <sources>
    <source>C:\Dev\dotnet-interview\</source>
  </sources>
  <packages>
    <package name="ExternalApi" line-rate="0.6744" branch-rate="0.2391" complexity="78">
      <classes>
        <class name="Program" filename="ExternalApi\Program.cs" line-rate="1" branch-rate="1" complexity="2">
          <methods>
            <method name="&lt;Main&gt;$" signature="(System.String[])" line-rate="1" branch-rate="1" complexity="2">
              <lines>
                <line number="3" hits="3" branch="False" />
                <line number="5" hits="3" branch="False" />
                <line number="6" hits="3" branch="False" />
                <line number="7" hits="3" branch="False" />
                <line number="8" hits="3" branch="False" />
                <line number="10" hits="3" branch="False" />
                <line number="12" hits="3" branch="True" condition-coverage="100% (2/2)">
                  <conditions>
                    <condition number="76" type="jump" coverage="100%" />
                  </conditions>
                </line>
                <line number="13" hits="3" branch="False" />
                <line number="14" hits="3" branch="False" />
                <line number="15" hits="3" branch="False" />
                <line number="17" hits="3" branch="False" />
                <line number="18" hits="3" branch="False" />
                <line number="19" hits="3" branch="False" />
                <line number="20" hits="3" branch="False" />
                <line number="21" hits="3" branch="False" />
                <line number="22" hits="3" branch="False" />
                <line number="23" hits="3" branch="False" />
                <line number="24" hits="3" branch="False" />
                <line number="25" hits="3" branch="False" />
                <line number="26" hits="3" branch="False" />
                <line number="27" hits="3" branch="False" />
                <line number="29" hits="3" branch="False" />
                <line number="30" hits="3" branch="False" />
              </lines>
            </method>
          </methods>
          <lines>
            <line number="3" hits="3" branch="False" />
            <line number="5" hits="3" branch="False" />
            <line number="6" hits="3" branch="False" />
            <line number="7" hits="3" branch="False" />
            <line number="8" hits="3" branch="False" />
            <line number="10" hits="3" branch="False" />
            <line number="12" hits="3" branch="True" condition-coverage="100% (2/2)">
              <conditions>
                <condition number="76" type="jump" coverage="100%" />
              </conditions>
            </line>
            <line number="13" hits="3" branch="False" />
            <line number="14" hits="3" branch="False" />
            <line number="15" hits="3" branch="False" />
            <line number="17" hits="3" branch="False" />
            <line number="18" hits="3" branch="False" />
            <line number="19" hits="3" branch="False" />
            <line number="20" hits="3" branch="False" />
            <line number="21" hits="3" branch="False" />
            <line number="22" hits="3" branch="False" />
            <line number="23" hits="3" branch="False" />
            <line number="24" hits="3" branch="False" />
            <line number="25" hits="3" branch="False" />
            <line number="26" hits="3" branch="False" />
            <line number="27" hits="3" branch="False" />
            <line number="29" hits="3" branch="False" />
            <line number="30" hits="3" branch="False" />
          </lines>
        </class>
        <class name="ExternalApi.Store.ExternalTodoStore" filename="ExternalApi\Store\ExternalTodoStore.cs" line-rate="0.6747" branch-rate="0.2352" complexity="41">
          <methods>
            <method name="GetTodoLists" signature="()" line-rate="1" branch-rate="1" complexity="2">
              <lines>
                <line number="21" hits="3" branch="False" />
                <line number="22" hits="3" branch="False" />
                <line number="23" hits="3" branch="False" />
                <line number="24" hits="3" branch="True" condition-coverage="100% (2/2)">
                  <conditions>
                    <condition number="32" type="jump" coverage="100%" />
                  </conditions>
                </line>
                <line number="26" hits="3" branch="False" />
              </lines>
            </method>
            <method name="CreateTodoList" signature="(ExternalApi.Contracts.CreateTodoListBody)" line-rate="0.6537999999999999" branch-rate="0.3333" complexity="6">
              <lines>
                <line number="29" hits="3" branch="False" />
                <line number="30" hits="3" branch="False" />
                <line number="31" hits="3" branch="False" />
                <line number="32" hits="3" branch="False" />
                <line number="33" hits="3" branch="True" condition-coverage="50% (2/4)">
                  <conditions>
                    <condition number="84" type="jump" coverage="50%" />
                    <condition number="132" type="jump" coverage="50%" />
                  </conditions>
                </line>
                <line number="34" hits="3" branch="False" />
                <line number="35" hits="3" branch="False" />
                <line number="36" hits="3" branch="False" />
                <line number="37" hits="3" branch="False" />
                <line number="38" hits="3" branch="False" />
                <line number="39" hits="3" branch="False" />
                <line number="40" hits="3" branch="False" />
                <line number="41" hits="0" branch="True" condition-coverage="0% (0/2)">
                  <conditions>
                    <condition number="44" type="jump" coverage="0%" />
                  </conditions>
                </line>
                <line number="42" hits="0" branch="False" />
                <line number="43" hits="0" branch="False" />
                <line number="44" hits="0" branch="False" />
                <line number="45" hits="0" branch="False" />
                <line number="46" hits="0" branch="False" />
                <line number="47" hits="0" branch="False" />
                <line number="48" hits="0" branch="False" />
                <line number="49" hits="0" branch="False" />
                <line number="50" hits="3" branch="False" />
                <line number="51" hits="3" branch="False" />
                <line number="53" hits="3" branch="False" />
                <line number="55" hits="3" branch="False" />
                <line number="57" hits="3" branch="False" />
              </lines>
            </method>
            <method name="UpdateTodoList" signature="(System.String,ExternalApi.Contracts.UpdateTodoListBody)" line-rate="0" branch-rate="0" complexity="4">
              <lines>
                <line number="60" hits="0" branch="False" />
                <line number="61" hits="0" branch="False" />
                <line number="62" hits="0" branch="False" />
                <line number="63" hits="0" branch="False" />
                <line number="65" hits="0" branch="True" condition-coverage="0% (0/2)">
                  <conditions>
                    <condition number="65" type="jump" coverage="0%" />
                  </conditions>
                </line>
                <line number="66" hits="0" branch="False" />
                <line number="67" hits="0" branch="False" />
                <line number="70" hits="0" branch="True" condition-coverage="0% (0/2)">
                  <conditions>
                    <condition number="86" type="jump" coverage="0%" />
                  </conditions>
                </line>
                <line number="71" hits="0" branch="False" />
                <line number="72" hits="0" branch="False" />
                <line number="73" hits="0" branch="False" />
                <line number="75" hits="0" branch="False" />
                <line number="77" hits="0" branch="False" />
                <line number="79" hits="0" branch="False" />
              </lines>
            </method>
            <method name="DeleteTodoList" signature="(System.String)" line-rate="0" branch-rate="0" complexity="2">
              <lines>
                <line number="82" hits="0" branch="False" />
                <line number="83" hits="0" branch="False" />
                <line number="84" hits="0" branch="False" />
                <line number="85" hits="0" branch="False" />
                <line number="87" hits="0" branch="True" condition-coverage="0% (0/2)">
                  <conditions>
                    <condition number="65" type="jump" coverage="0%" />
                  </conditions>
                </line>
                <line number="88" hits="0" branch="False" />
                <line number="89" hits="0" branch="False" />
                <line number="92" hits="0" branch="False" />
                <line number="93" hits="0" branch="False" />
                <line number="95" hits="0" branch="False" />
              </lines>
            </method>
            <method name="CreateTodoItem" signature="(System.String,ExternalApi.Contracts.CreateTodoItemBody)" line-rate="0.9047" branch-rate="0.5" complexity="4">
              <lines>
                <line number="98" hits="2" branch="False" />
                <line number="99" hits="2" branch="False" />
                <line number="100" hits="2" branch="False" />
                <line number="101" hits="8" branch="False" />
                <line number="103" hits="2" branch="True" condition-coverage="50% (1/2)">
                  <conditions>
                    <condition number="65" type="jump" coverage="50%" />
                  </conditions>
                </line>
                <line number="104" hits="0" branch="False" />
                <line number="105" hits="0" branch="False" />
                <line number="108" hits="2" branch="False" />
                <line number="109" hits="2" branch="True" condition-coverage="50% (1/2)">
                  <conditions>
                    <condition number="123" type="jump" coverage="50%" />
                  </conditions>
                </line>
                <line number="110" hits="2" branch="False" />
                <line number="111" hits="2" branch="False" />
                <line number="112" hits="2" branch="False" />
                <line number="113" hits="2" branch="False" />
                <line number="114" hits="2" branch="False" />
                <line number="115" hits="2" branch="False" />
                <line number="116" hits="2" branch="False" />
                <line number="117" hits="2" branch="False" />
                <line number="119" hits="2" branch="False" />
                <line number="120" hits="2" branch="False" />
                <line number="122" hits="2" branch="False" />
                <line number="124" hits="2" branch="False" />
              </lines>
            </method>
            <method name="UpdateTodoItem" signature="(System.String,System.String,ExternalApi.Contracts.UpdateTodoItemBody)" line-rate="0" branch-rate="0" complexity="8">
              <lines>
                <line number="127" hits="0" branch="False" />
                <line number="128" hits="0" branch="False" />
                <line number="129" hits="0" branch="False" />
                <line number="130" hits="0" branch="True" condition-coverage="0% (0/2)">
                  <conditions>
                    <condition number="64" type="jump" coverage="0%" />
                  </conditions>
                </line>
                <line number="131" hits="0" branch="False" />
                <line number="132" hits="0" branch="False" />
                <line number="134" hits="0" branch="True" condition-coverage="0% (0/2)">
                  <conditions>
                    <condition number="101" type="jump" coverage="0%" />
                  </conditions>
                </line>
                <line number="135" hits="0" branch="False" />
                <line number="136" hits="0" branch="False" />
                <line number="139" hits="0" branch="True" condition-coverage="0% (0/2)">
                  <conditions>
                    <condition number="122" type="jump" coverage="0%" />
                  </conditions>
                </line>
                <line number="140" hits="0" branch="False" />
                <line number="141" hits="0" branch="False" />
                <line number="142" hits="0" branch="False" />
                <line number="144" hits="0" branch="True" condition-coverage="0% (0/2)">
                  <conditions>
                    <condition number="158" type="jump" coverage="0%" />
                  </conditions>
                </line>
                <line number="145" hits="0" branch="False" />
                <line number="146" hits="0" branch="False" />
                <line number="147" hits="0" branch="False" />
                <line number="149" hits="0" branch="False" />
                <line number="151" hits="0" branch="False" />
                <line number="153" hits="0" branch="False" />
              </lines>
            </method>
            <method name="DeleteTodoItem" signature="(System.String,System.String)" line-rate="0" branch-rate="0" complexity="6">
              <lines>
                <line number="156" hits="0" branch="False" />
                <line number="157" hits="0" branch="False" />
                <line number="158" hits="0" branch="False" />
                <line number="159" hits="0" branch="False" />
                <line number="160" hits="0" branch="True" condition-coverage="0% (0/2)">
                  <conditions>
                    <condition number="65" type="jump" coverage="0%" />
                  </conditions>
                </line>
                <line number="162" hits="0" branch="True" condition-coverage="0% (0/4)">
                  <conditions>
                    <condition number="96" type="jump" coverage="0%" />
                    <condition number="110" type="jump" coverage="0%" />
                  </conditions>
                </line>
                <line number="163" hits="0" branch="False" />
                <line number="164" hits="0" branch="False" />
                <line number="167" hits="0" branch="False" />
                <line number="168" hits="0" branch="False" />
                <line number="170" hits="0" branch="False" />
                <line number="172" hits="0" branch="False" />
              </lines>
            </method>
            <method name="Reset" signature="()" line-rate="1" branch-rate="1" complexity="1">
              <lines>
                <line number="175" hits="6" branch="False" />
                <line number="176" hits="6" branch="False" />
                <line number="177" hits="6" branch="False" />
                <line number="178" hits="6" branch="False" />
                <line number="179" hits="6" branch="False" />
                <line number="180" hits="6" branch="False" />
                <line number="181" hits="6" branch="False" />
                <line number="182" hits="6" branch="False" />
                <line number="183" hits="6" branch="False" />
                <line number="184" hits="6" branch="False" />
                <line number="185" hits="6" branch="False" />
                <line number="186" hits="6" branch="False" />
                <line number="187" hits="6" branch="False" />
                <line number="188" hits="6" branch="False" />
                <line number="189" hits="6" branch="False" />
                <line number="190" hits="6" branch="False" />
                <line number="191" hits="6" branch="False" />
                <line number="192" hits="6" branch="False" />
                <line number="193" hits="6" branch="False" />
                <line number="194" hits="6" branch="False" />
                <line number="195" hits="6" branch="False" />
                <line number="196" hits="6" branch="False" />
                <line number="197" hits="6" branch="False" />
                <line number="198" hits="6" branch="False" />
                <line number="199" hits="6" branch="False" />
                <line number="200" hits="6" branch="False" />
                <line number="201" hits="6" branch="False" />
                <line number="202" hits="6" branch="False" />
                <line number="203" hits="6" branch="False" />
                <line number="204" hits="6" branch="False" />
                <line number="205" hits="6" branch="False" />
                <line number="206" hits="6" branch="False" />
                <line number="207" hits="6" branch="False" />
                <line number="208" hits="6" branch="False" />
                <line number="209" hits="6" branch="False" />
                <line number="210" hits="6" branch="False" />
                <line number="211" hits="6" branch="False" />
                <line number="212" hits="6" branch="False" />
                <line number="213" hits="6" branch="False" />
                <line number="214" hits="6" branch="False" />
                <line number="215" hits="6" branch="False" />
                <line number="216" hits="6" branch="False" />
                <line number="217" hits="6" branch="False" />
                <line number="218" hits="6" branch="False" />
                <line number="219" hits="6" branch="False" />
                <line number="220" hits="6" branch="False" />
                <line number="221" hits="6" branch="False" />
                <line number="222" hits="6" branch="False" />
                <line number="223" hits="6" branch="False" />
                <line number="224" hits="6" branch="False" />
                <line number="225" hits="6" branch="False" />
                <line number="226" hits="6" branch="False" />
                <line number="227" hits="6" branch="False" />
                <line number="228" hits="6" branch="False" />
                <line number="229" hits="6" branch="False" />
                <line number="231" hits="6" branch="False" />
                <line number="232" hits="6" branch="False" />
                <line number="233" hits="6" branch="False" />
                <line number="234" hits="6" branch="False" />
                <line number="235" hits="6" branch="False" />
              </lines>
            </method>
            <method name="NextTimestamp" signature="()" line-rate="1" branch-rate="1" complexity="1">
              <lines>
                <line number="238" hits="5" branch="False" />
                <line number="239" hits="5" branch="False" />
                <line number="240" hits="5" branch="False" />
              </lines>
            </method>
            <method name="NextListId" signature="()" line-rate="1" branch-rate="1" complexity="1">
              <lines>
                <line number="243" hits="3" branch="False" />
                <line number="244" hits="3" branch="False" />
                <line number="245" hits="3" branch="False" />
              </lines>
            </method>
            <method name="NextItemId" signature="()" line-rate="1" branch-rate="1" complexity="1">
              <lines>
                <line number="248" hits="2" branch="False" />
                <line number="249" hits="2" branch="False" />
                <line number="250" hits="2" branch="False" />
              </lines>
            </method>
            <method name="CloneTodoList" signature="(ExternalApi.Models.TodoList)" line-rate="1" branch-rate="1" complexity="2">
              <lines>
                <line number="253" hits="12" branch="False" />
                <line number="254" hits="12" branch="True" condition-coverage="100% (2/2)">
                  <conditions>
                    <condition number="85" type="jump" coverage="100%" />
                  </conditions>
                </line>
                <line number="255" hits="12" branch="False" />
                <line number="256" hits="12" branch="False" />
                <line number="257" hits="12" branch="False" />
                <line number="258" hits="12" branch="False" />
                <line number="259" hits="12" branch="False" />
                <line number="260" hits="12" branch="False" />
                <line number="261" hits="12" branch="False" />
                <line number="262" hits="12" branch="False" />
                <line number="263" hits="12" branch="False" />
              </lines>
            </method>
            <method name="CloneTodoItem" signature="(ExternalApi.Models.TodoItem)" line-rate="1" branch-rate="1" complexity="1">
              <lines>
                <line number="266" hits="13" branch="False" />
                <line number="267" hits="13" branch="False" />
                <line number="268" hits="13" branch="False" />
                <line number="269" hits="13" branch="False" />
                <line number="270" hits="13" branch="False" />
                <line number="271" hits="13" branch="False" />
                <line number="272" hits="13" branch="False" />
                <line number="273" hits="13" branch="False" />
                <line number="274" hits="13" branch="False" />
                <line number="275" hits="13" branch="False" />
                <line number="276" hits="13" branch="False" />
              </lines>
            </method>
            <method name=".ctor" signature="()" line-rate="1" branch-rate="1" complexity="1">
              <lines>
                <line number="9" hits="3" branch="False" />
                <line number="10" hits="3" branch="False" />
                <line number="15" hits="3" branch="False" />
                <line number="16" hits="3" branch="False" />
                <line number="17" hits="3" branch="False" />
                <line number="18" hits="3" branch="False" />
              </lines>
            </method>
            <method name=".cctor" signature="()" line-rate="1" branch-rate="1" complexity="1">
              <lines>
                <line number="8" hits="1" branch="False" />
              </lines>
            </method>
          </methods>
          <lines>
            <line number="21" hits="3" branch="False" />
            <line number="22" hits="3" branch="False" />
            <line number="23" hits="3" branch="False" />
            <line number="24" hits="3" branch="True" condition-coverage="100% (2/2)">
              <conditions>
                <condition number="32" type="jump" coverage="100%" />
              </conditions>
            </line>
            <line number="26" hits="3" branch="False" />
            <line number="29" hits="3" branch="False" />
            <line number="30" hits="3" branch="False" />
            <line number="31" hits="3" branch="False" />
            <line number="32" hits="3" branch="False" />
            <line number="33" hits="3" branch="True" condition-coverage="50% (2/4)">
              <conditions>
                <condition number="84" type="jump" coverage="50%" />
                <condition number="132" type="jump" coverage="50%" />
              </conditions>
            </line>
            <line number="34" hits="3" branch="False" />
            <line number="35" hits="3" branch="False" />
            <line number="36" hits="3" branch="False" />
            <line number="37" hits="3" branch="False" />
            <line number="38" hits="3" branch="False" />
            <line number="39" hits="3" branch="False" />
            <line number="40" hits="3" branch="False" />
            <line number="41" hits="0" branch="True" condition-coverage="0% (0/2)">
              <conditions>
                <condition number="44" type="jump" coverage="0%" />
              </conditions>
            </line>
            <line number="42" hits="0" branch="False" />
            <line number="43" hits="0" branch="False" />
            <line number="44" hits="0" branch="False" />
            <line number="45" hits="0" branch="False" />
            <line number="46" hits="0" branch="False" />
            <line number="47" hits="0" branch="False" />
            <line number="48" hits="0" branch="False" />
            <line number="49" hits="0" branch="False" />
            <line number="50" hits="3" branch="False" />
            <line number="51" hits="3" branch="False" />
            <line number="53" hits="3" branch="False" />
            <line number="55" hits="3" branch="False" />
            <line number="57" hits="3" branch="False" />
            <line number="60" hits="0" branch="False" />
            <line number="61" hits="0" branch="False" />
            <line number="62" hits="0" branch="False" />
            <line number="63" hits="0" branch="False" />
            <line number="65" hits="0" branch="True" condition-coverage="0% (0/2)">
              <conditions>
                <condition number="65" type="jump" coverage="0%" />
              </conditions>
            </line>
            <line number="66" hits="0" branch="False" />
            <line number="67" hits="0" branch="False" />
            <line number="70" hits="0" branch="True" condition-coverage="0% (0/2)">
              <conditions>
                <condition number="86" type="jump" coverage="0%" />
              </conditions>
            </line>
            <line number="71" hits="0" branch="False" />
            <line number="72" hits="0" branch="False" />
            <line number="73" hits="0" branch="False" />
            <line number="75" hits="0" branch="False" />
            <line number="77" hits="0" branch="False" />
            <line number="79" hits="0" branch="False" />
            <line number="82" hits="0" branch="False" />
            <line number="83" hits="0" branch="False" />
            <line number="84" hits="0" branch="False" />
            <line number="85" hits="0" branch="False" />
            <line number="87" hits="0" branch="True" condition-coverage="0% (0/2)">
              <conditions>
                <condition number="65" type="jump" coverage="0%" />
              </conditions>
            </line>
            <line number="88" hits="0" branch="False" />
            <line number="89" hits="0" branch="False" />
            <line number="92" hits="0" branch="False" />
            <line number="93" hits="0" branch="False" />
            <line number="95" hits="0" branch="False" />
            <line number="98" hits="2" branch="False" />
            <line number="99" hits="2" branch="False" />
            <line number="100" hits="2" branch="False" />
            <line number="101" hits="8" branch="False" />
            <line number="103" hits="2" branch="True" condition-coverage="50% (1/2)">
              <conditions>
                <condition number="65" type="jump" coverage="50%" />
              </conditions>
            </line>
            <line number="104" hits="0" branch="False" />
            <line number="105" hits="0" branch="False" />
            <line number="108" hits="2" branch="False" />
            <line number="109" hits="2" branch="True" condition-coverage="50% (1/2)">
              <conditions>
                <condition number="123" type="jump" coverage="50%" />
              </conditions>
            </line>
            <line number="110" hits="2" branch="False" />
            <line number="111" hits="2" branch="False" />
            <line number="112" hits="2" branch="False" />
            <line number="113" hits="2" branch="False" />
            <line number="114" hits="2" branch="False" />
            <line number="115" hits="2" branch="False" />
            <line number="116" hits="2" branch="False" />
            <line number="117" hits="2" branch="False" />
            <line number="119" hits="2" branch="False" />
            <line number="120" hits="2" branch="False" />
            <line number="122" hits="2" branch="False" />
            <line number="124" hits="2" branch="False" />
            <line number="127" hits="0" branch="False" />
            <line number="128" hits="0" branch="False" />
            <line number="129" hits="0" branch="False" />
            <line number="130" hits="0" branch="True" condition-coverage="0% (0/2)">
              <conditions>
                <condition number="64" type="jump" coverage="0%" />
              </conditions>
            </line>
            <line number="131" hits="0" branch="False" />
            <line number="132" hits="0" branch="False" />
            <line number="134" hits="0" branch="True" condition-coverage="0% (0/2)">
              <conditions>
                <condition number="101" type="jump" coverage="0%" />
              </conditions>
            </line>
            <line number="135" hits="0" branch="False" />
            <line number="136" hits="0" branch="False" />
            <line number="139" hits="0" branch="True" condition-coverage="0% (0/2)">
              <conditions>
                <condition number="122" type="jump" coverage="0%" />
              </conditions>
            </line>
            <line number="140" hits="0" branch="False" />
            <line number="141" hits="0" branch="False" />
            <line number="142" hits="0" branch="False" />
            <line number="144" hits="0" branch="True" condition-coverage="0% (0/2)">
              <conditions>
                <condition number="158" type="jump" coverage="0%" />
              </conditions>
            </line>
            <line number="145" hits="0" branch="False" />
            <line number="146" hits="0" branch="False" />
            <line number="147" hits="0" branch="False" />
            <line number="149" hits="0" branch="False" />
            <line number="151" hits="0" branch="False" />
            <line number="153" hits="0" branch="False" />
            <line number="156" hits="0" branch="False" />
            <line number="157" hits="0" branch="False" />
            <line number="158" hits="0" branch="False" />
            <line number="159" hits="0" branch="False" />
            <line number="160" hits="0" branch="True" condition-coverage="0% (0/2)">
              <conditions>
                <condition number="65" type="jump" coverage="0%" />
              </conditions>
            </line>
            <line number="162" hits="0" branch="True" condition-coverage="0% (0/4)">
              <conditions>
                <condition number="96" type="jump" coverage="0%" />
                <condition number="110" type="jump" coverage="0%" />
              </conditions>
            </line>
            <line number="163" hits="0" branch="False" />
            <line number="164" hits="0" branch="False" />
            <line number="167" hits="0" branch="False" />
            <line number="168" hits="0" branch="False" />
            <line number="170" hits="0" branch="False" />
            <line number="172" hits="0" branch="False" />
            <line number="175" hits="6" branch="False" />
            <line number="176" hits="6" branch="False" />
            <line number="177" hits="6" branch="False" />
            <line number="178" hits="6" branch="False" />
            <line number="179" hits="6" branch="False" />
            <line number="180" hits="6" branch="False" />
            <line number="181" hits="6" branch="False" />
            <line number="182" hits="6" branch="False" />
            <line number="183" hits="6" branch="False" />
            <line number="184" hits="6" branch="False" />
            <line number="185" hits="6" branch="False" />
            <line number="186" hits="6" branch="False" />
            <line number="187" hits="6" branch="False" />
            <line number="188" hits="6" branch="False" />
            <line number="189" hits="6" branch="False" />
            <line number="190" hits="6" branch="False" />
            <line number="191" hits="6" branch="False" />
            <line number="192" hits="6" branch="False" />
            <line number="193" hits="6" branch="False" />
            <line number="194" hits="6" branch="False" />
            <line number="195" hits="6" branch="False" />
            <line number="196" hits="6" branch="False" />
            <line number="197" hits="6" branch="False" />
            <line number="198" hits="6" branch="False" />
            <line number="199" hits="6" branch="False" />
            <line number="200" hits="6" branch="False" />
            <line number="201" hits="6" branch="False" />
            <line number="202" hits="6" branch="False" />
            <line number="203" hits="6" branch="False" />
            <line number="204" hits="6" branch="False" />
            <line number="205" hits="6" branch="False" />
            <line number="206" hits="6" branch="False" />
            <line number="207" hits="6" branch="False" />
            <line number="208" hits="6" branch="False" />
            <line number="209" hits="6" branch="False" />
            <line number="210" hits="6" branch="False" />
            <line number="211" hits="6" branch="False" />
            <line number="212" hits="6" branch="False" />
            <line number="213" hits="6" branch="False" />
            <line number="214" hits="6" branch="False" />
            <line number="215" hits="6" branch="False" />
            <line number="216" hits="6" branch="False" />
            <line number="217" hits="6" branch="False" />
            <line number="218" hits="6" branch="False" />
            <line number="219" hits="6" branch="False" />
            <line number="220" hits="6" branch="False" />
            <line number="221" hits="6" branch="False" />
            <line number="222" hits="6" branch="False" />
            <line number="223" hits="6" branch="False" />
            <line number="224" hits="6" branch="False" />
            <line number="225" hits="6" branch="False" />
            <line number="226" hits="6" branch="False" />
            <line number="227" hits="6" branch="False" />
            <line number="228" hits="6" branch="False" />
            <line number="229" hits="6" branch="False" />
            <line number="231" hits="6" branch="False" />
            <line number="232" hits="6" branch="False" />
            <line number="233" hits="6" branch="False" />
            <line number="234" hits="6" branch="False" />
            <line number="235" hits="6" branch="False" />
            <line number="238" hits="5" branch="False" />
            <line number="239" hits="5" branch="False" />
            <line number="240" hits="5" branch="False" />
            <line number="243" hits="3" branch="False" />
            <line number="244" hits="3" branch="False" />
            <line number="245" hits="3" branch="False" />
            <line number="248" hits="2" branch="False" />
            <line number="249" hits="2" branch="False" />
            <line number="250" hits="2" branch="False" />
            <line number="253" hits="12" branch="False" />
            <line number="254" hits="12" branch="True" condition-coverage="100% (2/2)">
              <conditions>
                <condition number="85" type="jump" coverage="100%" />
              </conditions>
            </line>
            <line number="255" hits="12" branch="False" />
            <line number="256" hits="12" branch="False" />
            <line number="257" hits="12" branch="False" />
            <line number="258" hits="12" branch="False" />
            <line number="259" hits="12" branch="False" />
            <line number="260" hits="12" branch="False" />
            <line number="261" hits="12" branch="False" />
            <line number="262" hits="12" branch="False" />
            <line number="263" hits="12" branch="False" />
            <line number="266" hits="13" branch="False" />
            <line number="267" hits="13" branch="False" />
            <line number="268" hits="13" branch="False" />
            <line number="269" hits="13" branch="False" />
            <line number="270" hits="13" branch="False" />
            <line number="271" hits="13" branch="False" />
            <line number="272" hits="13" branch="False" />
            <line number="273" hits="13" branch="False" />
            <line number="274" hits="13" branch="False" />
            <line number="275" hits="13" branch="False" />
            <line number="276" hits="13" branch="False" />
            <line number="9" hits="3" branch="False" />
            <line number="10" hits="3" branch="False" />
            <line number="15" hits="3" branch="False" />
            <line number="16" hits="3" branch="False" />
            <line number="17" hits="3" branch="False" />
            <line number="18" hits="3" branch="False" />
            <line number="8" hits="1" branch="False" />
          </lines>
        </class>
        <class name="ExternalApi.Models.TodoItem" filename="ExternalApi\Models\TodoItem.cs" line-rate="1" branch-rate="1" complexity="6">
          <methods>
            <method name="get_Id" signature="()" line-rate="1" branch-rate="1" complexity="1">
              <lines>
                <line number="8" hits="69" branch="False" />
              </lines>
            </method>
            <method name="get_SourceId" signature="()" line-rate="1" branch-rate="1" complexity="1">
              <lines>
                <line number="11" hits="67" branch="False" />
              </lines>
            </method>
            <method name="get_Description" signature="()" line-rate="1" branch-rate="1" complexity="1">
              <lines>
                <line number="14" hits="68" branch="False" />
              </lines>
            </method>
            <method name="get_Completed" signature="()" line-rate="1" branch-rate="1" complexity="1">
              <lines>
                <line number="17" hits="67" branch="False" />
              </lines>
            </method>
            <method name="get_CreatedAt" signature="()" line-rate="1" branch-rate="1" complexity="1">
              <lines>
                <line number="20" hits="67" branch="False" />
              </lines>
            </method>
            <method name="get_UpdatedAt" signature="()" line-rate="1" branch-rate="1" complexity="1">
              <lines>
                <line number="23" hits="67" branch="False" />
              </lines>
            </method>
          </methods>
          <lines>
            <line number="8" hits="69" branch="False" />
            <line number="11" hits="67" branch="False" />
            <line number="14" hits="68" branch="False" />
            <line number="17" hits="67" branch="False" />
            <line number="20" hits="67" branch="False" />
            <line number="23" hits="67" branch="False" />
          </lines>
        </class>
        <class name="ExternalApi.Models.TodoList" filename="ExternalApi\Models\TodoList.cs" line-rate="1" branch-rate="1" complexity="6">
          <methods>
            <method name="get_Id" signature="()" line-rate="1" branch-rate="1" complexity="1">
              <lines>
                <line number="8" hits="66" branch="False" />
              </lines>
            </method>
            <method name="get_SourceId" signature="()" line-rate="1" branch-rate="1" complexity="1">
              <lines>
                <line number="11" hits="60" branch="False" />
              </lines>
            </method>
            <method name="get_Name" signature="()" line-rate="1" branch-rate="1" complexity="1">
              <lines>
                <line number="14" hits="60" branch="False" />
              </lines>
            </method>
            <method name="get_CreatedAt" signature="()" line-rate="1" branch-rate="1" complexity="1">
              <lines>
                <line number="17" hits="57" branch="False" />
              </lines>
            </method>
            <method name="get_UpdatedAt" signature="()" line-rate="1" branch-rate="1" complexity="1">
              <lines>
                <line number="20" hits="59" branch="False" />
              </lines>
            </method>
            <method name="get_Items" signature="()" line-rate="1" branch-rate="1" complexity="1">
              <lines>
                <line number="23" hits="93" branch="False" />
              </lines>
            </method>
          </methods>
          <lines>
            <line number="8" hits="66" branch="False" />
            <line number="11" hits="60" branch="False" />
            <line number="14" hits="60" branch="False" />
            <line number="17" hits="57" branch="False" />
            <line number="20" hits="59" branch="False" />
            <line number="23" hits="93" branch="False" />
          </lines>
        </class>
        <class name="ExternalApi.Controllers.TodoItemsController" filename="ExternalApi\Controllers\TodoItemsController.cs" line-rate="0.44439999999999996" branch-rate="0.1666" complexity="7">
          <methods>
            <method name="CreateTodoItem" signature="(System.String,ExternalApi.Contracts.CreateTodoItemBody)" line-rate="0.8" branch-rate="0.5" complexity="2">
              <lines>
                <line number="21" hits="2" branch="False" />
                <line number="22" hits="2" branch="False" />
                <line number="24" hits="2" branch="True" condition-coverage="50% (1/2)">
                  <conditions>
                    <condition number="21" type="jump" coverage="50%" />
                  </conditions>
                </line>
                <line number="25" hits="0" branch="False" />
                <line number="26" hits="0" branch="False" />
                <line number="29" hits="2" branch="False" />
                <line number="30" hits="2" branch="False" />
                <line number="31" hits="2" branch="False" />
                <line number="32" hits="2" branch="False" />
                <line number="33" hits="2" branch="False" />
              </lines>
            </method>
            <method name="UpdateTodoItem" signature="(System.String,System.String,ExternalApi.Contracts.UpdateTodoItemBody)" line-rate="0" branch-rate="0" complexity="2">
              <lines>
                <line number="41" hits="0" branch="False" />
                <line number="42" hits="0" branch="False" />
                <line number="44" hits="0" branch="True" condition-coverage="0% (0/2)">
                  <conditions>
                    <condition number="22" type="jump" coverage="0%" />
                  </conditions>
                </line>
                <line number="45" hits="0" branch="False" />
                <line number="46" hits="0" branch="False" />
                <line number="49" hits="0" branch="False" />
                <line number="50" hits="0" branch="False" />
              </lines>
            </method>
            <method name="DeleteTodoItem" signature="(System.String,System.String)" line-rate="0" branch-rate="0" complexity="2">
              <lines>
                <line number="54" hits="0" branch="False" />
                <line number="55" hits="0" branch="True" condition-coverage="0% (0/2)">
                  <conditions>
                    <condition number="19" type="jump" coverage="0%" />
                  </conditions>
                </line>
                <line number="56" hits="0" branch="False" />
                <line number="57" hits="0" branch="False" />
                <line number="60" hits="0" branch="False" />
                <line number="61" hits="0" branch="False" />
              </lines>
            </method>
            <method name=".ctor" signature="(ExternalApi.Store.IExternalTodoStore)" line-rate="1" branch-rate="1" complexity="1">
              <lines>
                <line number="14" hits="2" branch="False" />
                <line number="15" hits="2" branch="False" />
                <line number="16" hits="2" branch="False" />
                <line number="17" hits="2" branch="False" />
              </lines>
            </method>
          </methods>
          <lines>
            <line number="21" hits="2" branch="False" />
            <line number="22" hits="2" branch="False" />
            <line number="24" hits="2" branch="True" condition-coverage="50% (1/2)">
              <conditions>
                <condition number="21" type="jump" coverage="50%" />
              </conditions>
            </line>
            <line number="25" hits="0" branch="False" />
            <line number="26" hits="0" branch="False" />
            <line number="29" hits="2" branch="False" />
            <line number="30" hits="2" branch="False" />
            <line number="31" hits="2" branch="False" />
            <line number="32" hits="2" branch="False" />
            <line number="33" hits="2" branch="False" />
            <line number="41" hits="0" branch="False" />
            <line number="42" hits="0" branch="False" />
            <line number="44" hits="0" branch="True" condition-coverage="0% (0/2)">
              <conditions>
                <condition number="22" type="jump" coverage="0%" />
              </conditions>
            </line>
            <line number="45" hits="0" branch="False" />
            <line number="46" hits="0" branch="False" />
            <line number="49" hits="0" branch="False" />
            <line number="50" hits="0" branch="False" />
            <line number="54" hits="0" branch="False" />
            <line number="55" hits="0" branch="True" condition-coverage="0% (0/2)">
              <conditions>
                <condition number="19" type="jump" coverage="0%" />
              </conditions>
            </line>
            <line number="56" hits="0" branch="False" />
            <line number="57" hits="0" branch="False" />
            <line number="60" hits="0" branch="False" />
            <line number="61" hits="0" branch="False" />
            <line number="14" hits="2" branch="False" />
            <line number="15" hits="2" branch="False" />
            <line number="16" hits="2" branch="False" />
            <line number="17" hits="2" branch="False" />
          </lines>
        </class>
        <class name="ExternalApi.Controllers.TodoListsController" filename="ExternalApi\Controllers\TodoListsController.cs" line-rate="0.4583" branch-rate="0" complexity="7">
          <methods>
            <method name="ListTodoLists" signature="()" line-rate="1" branch-rate="1" complexity="1">
              <lines>
                <line number="21" hits="3" branch="False" />
                <line number="22" hits="3" branch="False" />
                <line number="23" hits="3" branch="False" />
              </lines>
            </method>
            <method name="CreateTodoList" signature="(ExternalApi.Contracts.CreateTodoListBody)" line-rate="1" branch-rate="1" complexity="1">
              <lines>
                <line number="27" hits="3" branch="False" />
                <line number="28" hits="3" branch="False" />
                <line number="30" hits="3" branch="False" />
                <line number="31" hits="3" branch="False" />
              </lines>
            </method>
            <method name="UpdateTodoList" signature="(System.String,ExternalApi.Contracts.UpdateTodoListBody)" line-rate="0" branch-rate="0" complexity="2">
              <lines>
                <line number="35" hits="0" branch="False" />
                <line number="36" hits="0" branch="False" />
                <line number="38" hits="0" branch="True" condition-coverage="0% (0/2)">
                  <conditions>
                    <condition number="21" type="jump" coverage="0%" />
                  </conditions>
                </line>
                <line number="39" hits="0" branch="False" />
                <line number="40" hits="0" branch="False" />
                <line number="43" hits="0" branch="False" />
                <line number="44" hits="0" branch="False" />
              </lines>
            </method>
            <method name="DeleteTodoList" signature="(System.String)" line-rate="0" branch-rate="0" complexity="2">
              <lines>
                <line number="48" hits="0" branch="False" />
                <line number="49" hits="0" branch="True" condition-coverage="0% (0/2)">
                  <conditions>
                    <condition number="18" type="jump" coverage="0%" />
                  </conditions>
                </line>
                <line number="50" hits="0" branch="False" />
                <line number="51" hits="0" branch="False" />
                <line number="54" hits="0" branch="False" />
                <line number="55" hits="0" branch="False" />
              </lines>
            </method>
            <method name=".ctor" signature="(ExternalApi.Store.IExternalTodoStore)" line-rate="1" branch-rate="1" complexity="1">
              <lines>
                <line number="14" hits="6" branch="False" />
                <line number="15" hits="6" branch="False" />
                <line number="16" hits="6" branch="False" />
                <line number="17" hits="6" branch="False" />
              </lines>
            </method>
          </methods>
          <lines>
            <line number="21" hits="3" branch="False" />
            <line number="22" hits="3" branch="False" />
            <line number="23" hits="3" branch="False" />
            <line number="27" hits="3" branch="False" />
            <line number="28" hits="3" branch="False" />
            <line number="30" hits="3" branch="False" />
            <line number="31" hits="3" branch="False" />
            <line number="35" hits="0" branch="False" />
            <line number="36" hits="0" branch="False" />
            <line number="38" hits="0" branch="True" condition-coverage="0% (0/2)">
              <conditions>
                <condition number="21" type="jump" coverage="0%" />
              </conditions>
            </line>
            <line number="39" hits="0" branch="False" />
            <line number="40" hits="0" branch="False" />
            <line number="43" hits="0" branch="False" />
            <line number="44" hits="0" branch="False" />
            <line number="48" hits="0" branch="False" />
            <line number="49" hits="0" branch="True" condition-coverage="0% (0/2)">
              <conditions>
                <condition number="18" type="jump" coverage="0%" />
              </conditions>
            </line>
            <line number="50" hits="0" branch="False" />
            <line number="51" hits="0" branch="False" />
            <line number="54" hits="0" branch="False" />
            <line number="55" hits="0" branch="False" />
            <line number="14" hits="6" branch="False" />
            <line number="15" hits="6" branch="False" />
            <line number="16" hits="6" branch="False" />
            <line number="17" hits="6" branch="False" />
          </lines>
        </class>
        <class name="ExternalApi.Contracts.CreateTodoItemBody" filename="ExternalApi\Contracts\CreateTodoItemBody.cs" line-rate="1" branch-rate="1" complexity="3">
          <methods>
            <method name="get_SourceId" signature="()" line-rate="1" branch-rate="1" complexity="1">
              <lines>
                <line number="8" hits="6" branch="False" />
              </lines>
            </method>
            <method name="get_Description" signature="()" line-rate="1" branch-rate="1" complexity="1">
              <lines>
                <line number="11" hits="6" branch="False" />
              </lines>
            </method>
            <method name="get_Completed" signature="()" line-rate="1" branch-rate="1" complexity="1">
              <lines>
                <line number="14" hits="6" branch="False" />
              </lines>
            </method>
          </methods>
          <lines>
            <line number="8" hits="6" branch="False" />
            <line number="11" hits="6" branch="False" />
            <line number="14" hits="6" branch="False" />
          </lines>
        </class>
        <class name="ExternalApi.Contracts.CreateTodoListBody" filename="ExternalApi\Contracts\CreateTodoListBody.cs" line-rate="1" branch-rate="1" complexity="3">
          <methods>
            <method name="get_SourceId" signature="()" line-rate="1" branch-rate="1" complexity="1">
              <lines>
                <line number="8" hits="9" branch="False" />
              </lines>
            </method>
            <method name="get_Name" signature="()" line-rate="1" branch-rate="1" complexity="1">
              <lines>
                <line number="11" hits="9" branch="False" />
              </lines>
            </method>
            <method name="get_Items" signature="()" line-rate="1" branch-rate="1" complexity="1">
              <lines>
                <line number="14" hits="9" branch="False" />
              </lines>
            </method>
          </methods>
          <lines>
            <line number="8" hits="9" branch="False" />
            <line number="11" hits="9" branch="False" />
            <line number="14" hits="9" branch="False" />
          </lines>
        </class>
        <class name="ExternalApi.Contracts.UpdateTodoItemBody" filename="ExternalApi\Contracts\UpdateTodoItemBody.cs" line-rate="0" branch-rate="1" complexity="2">
          <methods>
            <method name="get_Description" signature="()" line-rate="0" branch-rate="1" complexity="1">
              <lines>
                <line number="8" hits="0" branch="False" />
              </lines>
            </method>
            <method name="get_Completed" signature="()" line-rate="0" branch-rate="1" complexity="1">
              <lines>
                <line number="11" hits="0" branch="False" />
              </lines>
            </method>
          </methods>
          <lines>
            <line number="8" hits="0" branch="False" />
            <line number="11" hits="0" branch="False" />
          </lines>
        </class>
        <class name="ExternalApi.Contracts.UpdateTodoListBody" filename="ExternalApi\Contracts\UpdateTodoListBody.cs" line-rate="0" branch-rate="1" complexity="1">
          <methods>
            <method name="get_Name" signature="()" line-rate="0" branch-rate="1" complexity="1">
              <lines>
                <line number="8" hits="0" branch="False" />
              </lines>
            </method>
          </methods>
          <lines>
            <line number="8" hits="0" branch="False" />
          </lines>
        </class>
      </classes>
    </package>
    <package name="TodoApi" line-rate="0.5642" branch-rate="0.6236" complexity="536">
      <classes>
        <class name="TodoContext" filename="TodoApi\Data\TodoContext.cs" line-rate="1" branch-rate="1" complexity="5">
          <methods>
            <method name="get_TodoList" signature="()" line-rate="1" branch-rate="1" complexity="1">
              <lines>
                <line number="9" hits="210" branch="False" />
              </lines>
            </method>
            <method name="get_Items" signature="()" line-rate="1" branch-rate="1" complexity="1">
              <lines>
                <line number="10" hits="212" branch="False" />
              </lines>
            </method>
            <method name="get_SyncEvents" signature="()" line-rate="1" branch-rate="1" complexity="1">
              <lines>
                <line number="11" hits="131" branch="False" />
              </lines>
            </method>
            <method name="OnModelCreating" signature="(Microsoft.EntityFrameworkCore.ModelBuilder)" line-rate="1" branch-rate="1" complexity="1">
              <lines>
                <line number="14" hits="1" branch="False" />
                <line number="15" hits="1" branch="False" />
                <line number="16" hits="1" branch="False" />
                <line number="17" hits="1" branch="False" />
                <line number="18" hits="2" branch="False" />
                <line number="20" hits="1" branch="False" />
                <line number="21" hits="1" branch="False" />
                <line number="22" hits="1" branch="False" />
                <line number="23" hits="1" branch="False" />
                <line number="24" hits="1" branch="False" />
                <line number="25" hits="1" branch="False" />
                <line number="26" hits="1" branch="False" />
                <line number="27" hits="1" branch="False" />
                <line number="28" hits="1" branch="False" />
                <line number="29" hits="1" branch="False" />
                <line number="30" hits="2" branch="False" />
                <line number="32" hits="1" branch="False" />
                <line number="33" hits="1" branch="False" />
                <line number="34" hits="1" branch="False" />
                <line number="35" hits="1" branch="False" />
                <line number="36" hits="1" branch="False" />
                <line number="37" hits="1" branch="False" />
                <line number="38" hits="1" branch="False" />
                <line number="39" hits="2" branch="False" />
                <line number="40" hits="1" branch="False" />
              </lines>
            </method>
            <method name=".ctor" signature="(Microsoft.EntityFrameworkCore.DbContextOptions`1&lt;TodoContext&gt;)" line-rate="1" branch-rate="1" complexity="1">
              <lines>
                <line number="7" hits="141" branch="False" />
              </lines>
            </method>
          </methods>
          <lines>
            <line number="9" hits="210" branch="False" />
            <line number="10" hits="212" branch="False" />
            <line number="11" hits="131" branch="False" />
            <line number="14" hits="1" branch="False" />
            <line number="15" hits="1" branch="False" />
            <line number="16" hits="1" branch="False" />
            <line number="17" hits="1" branch="False" />
            <line number="18" hits="2" branch="False" />
            <line number="20" hits="1" branch="False" />
            <line number="21" hits="1" branch="False" />
            <line number="22" hits="1" branch="False" />
            <line number="23" hits="1" branch="False" />
            <line number="24" hits="1" branch="False" />
            <line number="25" hits="1" branch="False" />
            <line number="26" hits="1" branch="False" />
            <line number="27" hits="1" branch="False" />
            <line number="28" hits="1" branch="False" />
            <line number="29" hits="1" branch="False" />
            <line number="30" hits="2" branch="False" />
            <line number="32" hits="1" branch="False" />
            <line number="33" hits="1" branch="False" />
            <line number="34" hits="1" branch="False" />
            <line number="35" hits="1" branch="False" />
            <line number="36" hits="1" branch="False" />
            <line number="37" hits="1" branch="False" />
            <line number="38" hits="1" branch="False" />
            <line number="39" hits="2" branch="False" />
            <line number="40" hits="1" branch="False" />
            <line number="7" hits="141" branch="False" />
          </lines>
        </class>
        <class name="TodoContextDesignTimeFactory" filename="TodoApi\Data\TodoContextDesignTimeFactory.cs" line-rate="0" branch-rate="1" complexity="1">
          <methods>
            <method name="CreateDbContext" signature="(System.String[])" line-rate="0" branch-rate="1" complexity="1">
              <lines>
                <line number="7" hits="0" branch="False" />
                <line number="8" hits="0" branch="False" />
                <line number="9" hits="0" branch="False" />
                <line number="10" hits="0" branch="False" />
                <line number="11" hits="0" branch="False" />
                <line number="12" hits="0" branch="False" />
                <line number="14" hits="0" branch="False" />
                <line number="15" hits="0" branch="False" />
                <line number="17" hits="0" branch="False" />
                <line number="19" hits="0" branch="False" />
                <line number="20" hits="0" branch="False" />
              </lines>
            </method>
          </methods>
          <lines>
            <line number="7" hits="0" branch="False" />
            <line number="8" hits="0" branch="False" />
            <line number="9" hits="0" branch="False" />
            <line number="10" hits="0" branch="False" />
            <line number="11" hits="0" branch="False" />
            <line number="12" hits="0" branch="False" />
            <line number="14" hits="0" branch="False" />
            <line number="15" hits="0" branch="False" />
            <line number="17" hits="0" branch="False" />
            <line number="19" hits="0" branch="False" />
            <line number="20" hits="0" branch="False" />
          </lines>
        </class>
        <class name="TodoDatabaseConfiguration" filename="TodoApi\Data\TodoDatabaseConfiguration.cs" line-rate="0.46659999999999996" branch-rate="0.5" complexity="4">
          <methods>
            <method name="GetTodoConnectionString" signature="(Microsoft.Extensions.Configuration.IConfiguration)" line-rate="0.46659999999999996" branch-rate="0.5" complexity="4">
              <lines>
                <line number="6" hits="3" branch="False" />
                <line number="7" hits="3" branch="False" />
                <line number="9" hits="3" branch="True" condition-coverage="50% (1/2)">
                  <conditions>
                    <condition number="21" type="jump" coverage="50%" />
                  </conditions>
                </line>
                <line number="10" hits="0" branch="False" />
                <line number="11" hits="0" branch="False" />
                <line number="12" hits="0" branch="False" />
                <line number="13" hits="0" branch="False" />
                <line number="16" hits="3" branch="False" />
                <line number="18" hits="3" branch="True" condition-coverage="50% (1/2)">
                  <conditions>
                    <condition number="51" type="jump" coverage="50%" />
                  </conditions>
                </line>
                <line number="19" hits="0" branch="False" />
                <line number="20" hits="0" branch="False" />
                <line number="21" hits="0" branch="False" />
                <line number="22" hits="0" branch="False" />
                <line number="25" hits="3" branch="False" />
                <line number="26" hits="3" branch="False" />
              </lines>
            </method>
          </methods>
          <lines>
            <line number="6" hits="3" branch="False" />
            <line number="7" hits="3" branch="False" />
            <line number="9" hits="3" branch="True" condition-coverage="50% (1/2)">
              <conditions>
                <condition number="21" type="jump" coverage="50%" />
              </conditions>
            </line>
            <line number="10" hits="0" branch="False" />
            <line number="11" hits="0" branch="False" />
            <line number="12" hits="0" branch="False" />
            <line number="13" hits="0" branch="False" />
            <line number="16" hits="3" branch="False" />
            <line number="18" hits="3" branch="True" condition-coverage="50% (1/2)">
              <conditions>
                <condition number="51" type="jump" coverage="50%" />
              </conditions>
            </line>
            <line number="19" hits="0" branch="False" />
            <line number="20" hits="0" branch="False" />
            <line number="21" hits="0" branch="False" />
            <line number="22" hits="0" branch="False" />
            <line number="25" hits="3" branch="False" />
            <line number="26" hits="3" branch="False" />
          </lines>
        </class>
        <class name="Program" filename="TodoApi\Program.cs" line-rate="0.983" branch-rate="0.9" complexity="20">
          <methods>
            <method name="&lt;Main&gt;$" signature="(System.String[])" line-rate="0.983" branch-rate="0.9" complexity="20">
              <lines>
                <line number="12" hits="3" branch="False" />
                <line number="13" hits="3" branch="False" />
                <line number="14" hits="3" branch="False" />
                <line number="15" hits="3" branch="True" condition-coverage="50% (1/2)">
                  <conditions>
                    <condition number="76" type="jump" coverage="50%" />
                  </conditions>
                </line>
                <line number="16" hits="3" branch="False" />
                <line number="19" hits="3" branch="False" />
                <line number="20" hits="3" branch="False" />
                <line number="21" hits="0" branch="False" />
                <line number="22" hits="3" branch="False" />
                <line number="23" hits="3" branch="False" />
                <line number="24" hits="3" branch="False" />
                <line number="25" hits="3" branch="False" />
                <line number="26" hits="3" branch="False" />
                <line number="27" hits="3" branch="True" condition-coverage="100% (2/2)">
                  <conditions>
                    <condition number="157" type="jump" coverage="100%" />
                  </conditions>
                </line>
                <line number="28" hits="3" branch="False" />
                <line number="29" hits="3" branch="False" />
                <line number="30" hits="3" branch="False" />
                <line number="31" hits="3" branch="True" condition-coverage="100% (2/2)">
                  <conditions>
                    <condition number="14" type="jump" coverage="100%" />
                  </conditions>
                </line>
                <line number="32" hits="3" branch="False" />
                <line number="33" hits="3" branch="False" />
                <line number="34" hits="3" branch="False" />
                <line number="35" hits="3" branch="False" />
                <line number="36" hits="3" branch="False" />
                <line number="37" hits="3" branch="False" />
                <line number="38" hits="3" branch="False" />
                <line number="39" hits="3" branch="False" />
                <line number="40" hits="3" branch="False" />
                <line number="41" hits="3" branch="False" />
                <line number="42" hits="6" branch="False" />
                <line number="43" hits="3" branch="False" />
                <line number="45" hits="3" branch="False" />
                <line number="46" hits="3" branch="False" />
                <line number="47" hits="3" branch="False" />
                <line number="48" hits="3" branch="False" />
                <line number="49" hits="3" branch="False" />
                <line number="50" hits="13" branch="False" />
                <line number="51" hits="13" branch="False" />
                <line number="52" hits="13" branch="False" />
                <line number="53" hits="13" branch="False" />
                <line number="54" hits="3" branch="False" />
                <line number="55" hits="13" branch="False" />
                <line number="56" hits="13" branch="False" />
                <line number="57" hits="13" branch="False" />
                <line number="58" hits="3" branch="False" />
                <line number="59" hits="3" branch="True" condition-coverage="100% (2/2)">
                  <conditions>
                    <condition number="266" type="jump" coverage="100%" />
                  </conditions>
                </line>
                <line number="60" hits="3" branch="False" />
                <line number="61" hits="3" branch="False" />
                <line number="62" hits="3" branch="False" />
                <line number="63" hits="3" branch="False" />
                <line number="64" hits="3" branch="False" />
                <line number="65" hits="3" branch="False" />
                <line number="66" hits="3" branch="False" />
                <line number="67" hits="3" branch="False" />
                <line number="68" hits="3" branch="False" />
                <line number="69" hits="3" branch="False" />
                <line number="70" hits="6" branch="False" />
                <line number="71" hits="3" branch="False" />
                <line number="72" hits="3" branch="False" />
                <line number="74" hits="3" branch="False" />
                <line number="75" hits="3" branch="False" />
                <line number="76" hits="3" branch="False" />
                <line number="77" hits="3" branch="False" />
                <line number="78" hits="3" branch="False" />
                <line number="79" hits="3" branch="False" />
                <line number="80" hits="3" branch="False" />
                <line number="81" hits="3" branch="False" />
                <line number="82" hits="3" branch="False" />
                <line number="83" hits="3" branch="False" />
                <line number="84" hits="3" branch="False" />
                <line number="85" hits="3" branch="False" />
                <line number="86" hits="3" branch="False" />
                <line number="87" hits="4" branch="False" />
                <line number="88" hits="4" branch="True" condition-coverage="50% (1/2)">
                  <conditions>
                    <condition number="9" type="jump" coverage="50%" />
                  </conditions>
                </line>
                <line number="89" hits="4" branch="False" />
                <line number="90" hits="4" branch="False" />
                <line number="91" hits="3" branch="False" />
                <line number="92" hits="3" branch="False" />
                <line number="93" hits="0" branch="False" />
                <line number="94" hits="4" branch="False" />
                <line number="95" hits="3" branch="False" />
                <line number="97" hits="3" branch="False" />
                <line number="98" hits="3" branch="False" />
                <line number="101" hits="3" branch="False" />
                <line number="103" hits="3" branch="True" condition-coverage="100% (2/2)">
                  <conditions>
                    <condition number="508" type="jump" coverage="100%" />
                  </conditions>
                </line>
                <line number="104" hits="3" branch="False" />
                <line number="105" hits="3" branch="False" />
                <line number="106" hits="3" branch="False" />
                <line number="108" hits="3" branch="True" condition-coverage="100% (2/2)">
                  <conditions>
                    <condition number="537" type="jump" coverage="100%" />
                  </conditions>
                </line>
                <line number="109" hits="3" branch="False" />
                <line number="110" hits="3" branch="False" />
                <line number="111" hits="3" branch="False" />
                <line number="112" hits="3" branch="False" />
                <line number="114" hits="3" branch="False" />
                <line number="115" hits="3" branch="True" condition-coverage="100% (2/2)">
                  <conditions>
                    <condition number="582" type="jump" coverage="100%" />
                  </conditions>
                </line>
                <line number="116" hits="3" branch="False" />
                <line number="117" hits="3" branch="False" />
                <line number="118" hits="3" branch="False" />
                <line number="119" hits="3" branch="False" />
                <line number="120" hits="3" branch="False" />
                <line number="121" hits="3" branch="False" />
                <line number="122" hits="3" branch="True" condition-coverage="100% (2/2)">
                  <conditions>
                    <condition number="638" type="jump" coverage="100%" />
                  </conditions>
                </line>
                <line number="123" hits="3" branch="False" />
                <line number="124" hits="3" branch="False" />
                <line number="125" hits="3" branch="False" />
                <line number="127" hits="3" branch="True" condition-coverage="100% (2/2)">
                  <conditions>
                    <condition number="664" type="jump" coverage="100%" />
                  </conditions>
                </line>
                <line number="128" hits="3" branch="False" />
                <line number="129" hits="3" branch="False" />
                <line number="130" hits="3" branch="False" />
                <line number="131" hits="3" branch="False" />
                <line number="132" hits="3" branch="False" />
                <line number="133" hits="3" branch="False" />
                <line number="134" hits="3" branch="False" />
                <line number="135" hits="3" branch="False" />
                <line number="136" hits="3" branch="False" />
                <line number="137" hits="3" branch="False" />
                <line number="138" hits="3" branch="False" />
                <line number="139" hits="3" branch="False" />
                <line number="141" hits="3" branch="False" />
              </lines>
            </method>
          </methods>
          <lines>
            <line number="12" hits="3" branch="False" />
            <line number="13" hits="3" branch="False" />
            <line number="14" hits="3" branch="False" />
            <line number="15" hits="3" branch="True" condition-coverage="50% (1/2)">
              <conditions>
                <condition number="76" type="jump" coverage="50%" />
              </conditions>
            </line>
            <line number="16" hits="3" branch="False" />
            <line number="19" hits="3" branch="False" />
            <line number="20" hits="3" branch="False" />
            <line number="21" hits="0" branch="False" />
            <line number="22" hits="3" branch="False" />
            <line number="23" hits="3" branch="False" />
            <line number="24" hits="3" branch="False" />
            <line number="25" hits="3" branch="False" />
            <line number="26" hits="3" branch="False" />
            <line number="27" hits="3" branch="True" condition-coverage="100% (2/2)">
              <conditions>
                <condition number="157" type="jump" coverage="100%" />
              </conditions>
            </line>
            <line number="28" hits="3" branch="False" />
            <line number="29" hits="3" branch="False" />
            <line number="30" hits="3" branch="False" />
            <line number="31" hits="3" branch="True" condition-coverage="100% (2/2)">
              <conditions>
                <condition number="14" type="jump" coverage="100%" />
              </conditions>
            </line>
            <line number="32" hits="3" branch="False" />
            <line number="33" hits="3" branch="False" />
            <line number="34" hits="3" branch="False" />
            <line number="35" hits="3" branch="False" />
            <line number="36" hits="3" branch="False" />
            <line number="37" hits="3" branch="False" />
            <line number="38" hits="3" branch="False" />
            <line number="39" hits="3" branch="False" />
            <line number="40" hits="3" branch="False" />
            <line number="41" hits="3" branch="False" />
            <line number="42" hits="6" branch="False" />
            <line number="43" hits="3" branch="False" />
            <line number="45" hits="3" branch="False" />
            <line number="46" hits="3" branch="False" />
            <line number="47" hits="3" branch="False" />
            <line number="48" hits="3" branch="False" />
            <line number="49" hits="3" branch="False" />
            <line number="50" hits="13" branch="False" />
            <line number="51" hits="13" branch="False" />
            <line number="52" hits="13" branch="False" />
            <line number="53" hits="13" branch="False" />
            <line number="54" hits="3" branch="False" />
            <line number="55" hits="13" branch="False" />
            <line number="56" hits="13" branch="False" />
            <line number="57" hits="13" branch="False" />
            <line number="58" hits="3" branch="False" />
            <line number="59" hits="3" branch="True" condition-coverage="100% (2/2)">
              <conditions>
                <condition number="266" type="jump" coverage="100%" />
              </conditions>
            </line>
            <line number="60" hits="3" branch="False" />
            <line number="61" hits="3" branch="False" />
            <line number="62" hits="3" branch="False" />
            <line number="63" hits="3" branch="False" />
            <line number="64" hits="3" branch="False" />
            <line number="65" hits="3" branch="False" />
            <line number="66" hits="3" branch="False" />
            <line number="67" hits="3" branch="False" />
            <line number="68" hits="3" branch="False" />
            <line number="69" hits="3" branch="False" />
            <line number="70" hits="6" branch="False" />
            <line number="71" hits="3" branch="False" />
            <line number="72" hits="3" branch="False" />
            <line number="74" hits="3" branch="False" />
            <line number="75" hits="3" branch="False" />
            <line number="76" hits="3" branch="False" />
            <line number="77" hits="3" branch="False" />
            <line number="78" hits="3" branch="False" />
            <line number="79" hits="3" branch="False" />
            <line number="80" hits="3" branch="False" />
            <line number="81" hits="3" branch="False" />
            <line number="82" hits="3" branch="False" />
            <line number="83" hits="3" branch="False" />
            <line number="84" hits="3" branch="False" />
            <line number="85" hits="3" branch="False" />
            <line number="86" hits="3" branch="False" />
            <line number="87" hits="4" branch="False" />
            <line number="88" hits="4" branch="True" condition-coverage="50% (1/2)">
              <conditions>
                <condition number="9" type="jump" coverage="50%" />
              </conditions>
            </line>
            <line number="89" hits="4" branch="False" />
            <line number="90" hits="4" branch="False" />
            <line number="91" hits="3" branch="False" />
            <line number="92" hits="3" branch="False" />
            <line number="93" hits="0" branch="False" />
            <line number="94" hits="4" branch="False" />
            <line number="95" hits="3" branch="False" />
            <line number="97" hits="3" branch="False" />
            <line number="98" hits="3" branch="False" />
            <line number="101" hits="3" branch="False" />
            <line number="103" hits="3" branch="True" condition-coverage="100% (2/2)">
              <conditions>
                <condition number="508" type="jump" coverage="100%" />
              </conditions>
            </line>
            <line number="104" hits="3" branch="False" />
            <line number="105" hits="3" branch="False" />
            <line number="106" hits="3" branch="False" />
[...]
          </lines>
        </class>
        <class name="TodoApi.Controllers.ItemsController/&lt;DeleteItem&gt;d__7" filename="TodoApi\Controllers\ItemsController.cs" line-rate="1" branch-rate="1" complexity="2">
          <methods>
            <method name="MoveNext" signature="()" line-rate="1" branch-rate="1" complexity="2">
              <lines>
                <line number="80" hits="3" branch="False" />
                <line number="81" hits="3" branch="False" />
                <line number="83" hits="3" branch="True" condition-coverage="100% (2/2)">
                  <conditions>
                    <condition number="163" type="jump" coverage="100%" />
                  </conditions>
                </line>
                <line number="84" hits="1" branch="False" />
                <line number="85" hits="1" branch="False" />
                <line number="86" hits="1" branch="False" />
                <line number="89" hits="2" branch="False" />
                <line number="90" hits="3" branch="False" />
              </lines>
            </method>
          </methods>
          <lines>
            <line number="80" hits="3" branch="False" />
            <line number="81" hits="3" branch="False" />
            <line number="83" hits="3" branch="True" condition-coverage="100% (2/2)">
              <conditions>
                <condition number="163" type="jump" coverage="100%" />
              </conditions>
            </line>
            <line number="84" hits="1" branch="False" />
            <line number="85" hits="1" branch="False" />
            <line number="86" hits="1" branch="False" />
            <line number="89" hits="2" branch="False" />
            <line number="90" hits="3" branch="False" />
          </lines>
        </class>
        <class name="TodoApi.Controllers.ItemsController/&lt;GetItem&gt;d__4" filename="TodoApi\Controllers\ItemsController.cs" line-rate="1" branch-rate="1" complexity="2">
          <methods>
            <method name="MoveNext" signature="()" line-rate="1" branch-rate="1" complexity="2">
              <lines>
                <line number="38" hits="3" branch="False" />
                <line number="39" hits="3" branch="False" />
                <line number="41" hits="3" branch="True" condition-coverage="100% (2/2)">
                  <conditions>
                    <condition number="170" type="jump" coverage="100%" />
                  </conditions>
                </line>
                <line number="42" hits="2" branch="False" />
                <line number="43" hits="2" branch="False" />
                <line number="44" hits="2" branch="False" />
                <line number="47" hits="1" branch="False" />
                <line number="48" hits="3" branch="False" />
              </lines>
            </method>
          </methods>
          <lines>
            <line number="38" hits="3" branch="False" />
            <line number="39" hits="3" branch="False" />
            <line number="41" hits="3" branch="True" condition-coverage="100% (2/2)">
              <conditions>
                <condition number="170" type="jump" coverage="100%" />
              </conditions>
            </line>
            <line number="42" hits="2" branch="False" />
            <line number="43" hits="2" branch="False" />
            <line number="44" hits="2" branch="False" />
            <line number="47" hits="1" branch="False" />
            <line number="48" hits="3" branch="False" />
          </lines>
        </class>
        <class name="TodoApi.Controllers.ItemsController/&lt;GetItems&gt;d__3" filename="TodoApi\Controllers\ItemsController.cs" line-rate="1" branch-rate="1" complexity="2">
          <methods>
            <method name="MoveNext" signature="()" line-rate="1" branch-rate="1" complexity="2">
              <lines>
                <line number="24" hits="2" branch="False" />
                <line number="25" hits="2" branch="False" />
                <line number="27" hits="2" branch="True" condition-coverage="100% (2/2)">
                  <conditions>
                    <condition number="164" type="jump" coverage="100%" />
                  </conditions>
                </line>
                <line number="28" hits="1" branch="False" />
                <line number="29" hits="1" branch="False" />
                <line number="30" hits="1" branch="False" />
                <line number="33" hits="1" branch="False" />
                <line number="34" hits="2" branch="False" />
              </lines>
            </method>
          </methods>
          <lines>
            <line number="24" hits="2" branch="False" />
            <line number="25" hits="2" branch="False" />
            <line number="27" hits="2" branch="True" condition-coverage="100% (2/2)">
              <conditions>
                <condition number="164" type="jump" coverage="100%" />
              </conditions>
            </line>
            <line number="28" hits="1" branch="False" />
            <line number="29" hits="1" branch="False" />
            <line number="30" hits="1" branch="False" />
            <line number="33" hits="1" branch="False" />
            <line number="34" hits="2" branch="False" />
          </lines>
        </class>
        <class name="TodoApi.Controllers.ItemsController/&lt;PostItem&gt;d__5" filename="TodoApi\Controllers\ItemsController.cs" line-rate="1" branch-rate="1" complexity="2">
          <methods>
            <method name="MoveNext" signature="()" line-rate="1" branch-rate="1" complexity="2">
              <lines>
                <line number="52" hits="4" branch="False" />
                <line number="53" hits="4" branch="False" />
                <line number="55" hits="4" branch="True" condition-coverage="100% (2/2)">
                  <conditions>
                    <condition number="170" type="jump" coverage="100%" />
                  </conditions>
                </line>
                <line number="56" hits="1" branch="False" />
                <line number="57" hits="1" branch="False" />
                <line number="58" hits="1" branch="False" />
                <line number="61" hits="3" branch="False" />
                <line number="62" hits="4" branch="False" />
              </lines>
            </method>
          </methods>
          <lines>
            <line number="52" hits="4" branch="False" />
            <line number="53" hits="4" branch="False" />
            <line number="55" hits="4" branch="True" condition-coverage="100% (2/2)">
              <conditions>
                <condition number="170" type="jump" coverage="100%" />
              </conditions>
            </line>
            <line number="56" hits="1" branch="False" />
            <line number="57" hits="1" branch="False" />
            <line number="58" hits="1" branch="False" />
            <line number="61" hits="3" branch="False" />
            <line number="62" hits="4" branch="False" />
          </lines>
        </class>
        <class name="TodoApi.Controllers.ItemsController/&lt;PutItem&gt;d__6" filename="TodoApi\Controllers\ItemsController.cs" line-rate="1" branch-rate="1" complexity="2">
          <methods>
            <method name="MoveNext" signature="()" line-rate="1" branch-rate="1" complexity="2">
              <lines>
                <line number="66" hits="3" branch="False" />
                <line number="67" hits="3" branch="False" />
                <line number="69" hits="3" branch="True" condition-coverage="100% (2/2)">
                  <conditions>
                    <condition number="176" type="jump" coverage="100%" />
                  </conditions>
                </line>
                <line number="70" hits="1" branch="False" />
                <line number="71" hits="1" branch="False" />
                <line number="72" hits="1" branch="False" />
                <line number="75" hits="2" branch="False" />
                <line number="76" hits="3" branch="False" />
              </lines>
            </method>
          </methods>
          <lines>
            <line number="66" hits="3" branch="False" />
            <line number="67" hits="3" branch="False" />
            <line number="69" hits="3" branch="True" condition-coverage="100% (2/2)">
              <conditions>
                <condition number="176" type="jump" coverage="100%" />
              </conditions>
            </line>
            <line number="70" hits="1" branch="False" />
            <line number="71" hits="1" branch="False" />
            <line number="72" hits="1" branch="False" />
            <line number="75" hits="2" branch="False" />
            <line number="76" hits="3" branch="False" />
          </lines>
        </class>
        <class name="TodoApi.Controllers.TodoListsController" filename="TodoApi\Controllers\TodoListsController.cs" line-rate="1" branch-rate="0.5" complexity="4">
          <methods>
            <method name="TodoListNotFound" signature="(System.Int64)" line-rate="1" branch-rate="1" complexity="1">
              <lines>
                <line number="87" hits="2" branch="False" />
                <line number="88" hits="2" branch="False" />
                <line number="89" hits="2" branch="False" />
                <line number="90" hits="2" branch="False" />
                <line number="91" hits="2" branch="False" />
                <line number="92" hits="2" branch="False" />
                <line number="93" hits="2" branch="False" />
                <line number="94" hits="2" branch="False" />
              </lines>
            </method>
            <method name="LogTodoListNotFound" signature="(System.String,System.Int64)" line-rate="1" branch-rate="0.5" complexity="2">
              <lines>
                <line number="97" hits="2" branch="False" />
                <line number="98" hits="2" branch="True" condition-coverage="50% (1/2)">
                  <conditions>
                    <condition number="50" type="jump" coverage="50%" />
                  </conditions>
                </line>
                <line number="99" hits="2" branch="False" />
                <line number="100" hits="2" branch="False" />
                <line number="101" hits="2" branch="False" />
                <line number="102" hits="2" branch="False" />
                <line number="103" hits="2" branch="False" />
                <line number="104" hits="2" branch="False" />
                <line number="105" hits="2" branch="False" />
              </lines>
            </method>
            <method name=".ctor" signature="(TodoApi.Services.ITodoListsService,Microsoft.Extensions.Logging.ILogger`1&lt;TodoApi.Controllers.TodoListsController&gt;)" line-rate="1" branch-rate="1" complexity="1">
              <lines>
                <line number="16" hits="10" branch="False" />
                <line number="17" hits="10" branch="False" />
                <line number="18" hits="10" branch="False" />
                <line number="19" hits="10" branch="False" />
                <line number="20" hits="10" branch="False" />
                <line number="21" hits="10" branch="False" />
                <line number="22" hits="10" branch="False" />
                <line number="23" hits="10" branch="False" />
              </lines>
            </method>
          </methods>
          <lines>
            <line number="87" hits="2" branch="False" />
            <line number="88" hits="2" branch="False" />
            <line number="89" hits="2" branch="False" />
            <line number="90" hits="2" branch="False" />
            <line number="91" hits="2" branch="False" />
            <line number="92" hits="2" branch="False" />
            <line number="93" hits="2" branch="False" />
            <line number="94" hits="2" branch="False" />
            <line number="97" hits="2" branch="False" />
            <line number="98" hits="2" branch="True" condition-coverage="50% (1/2)">
              <conditions>
                <condition number="50" type="jump" coverage="50%" />
              </conditions>
            </line>
            <line number="99" hits="2" branch="False" />
            <line number="100" hits="2" branch="False" />
            <line number="101" hits="2" branch="False" />
            <line number="102" hits="2" branch="False" />
            <line number="103" hits="2" branch="False" />
            <line number="104" hits="2" branch="False" />
            <line number="105" hits="2" branch="False" />
            <line number="16" hits="10" branch="False" />
            <line number="17" hits="10" branch="False" />
            <line number="18" hits="10" branch="False" />
            <line number="19" hits="10" branch="False" />
            <line number="20" hits="10" branch="False" />
            <line number="21" hits="10" branch="False" />
            <line number="22" hits="10" branch="False" />
            <line number="23" hits="10" branch="False" />
          </lines>
        </class>
        <class name="TodoApi.Controllers.TodoListsController/&lt;DeleteTodoList&gt;d__7" filename="TodoApi\Controllers\TodoListsController.cs" line-rate="0.5714" branch-rate="0.5" complexity="2">
          <methods>
            <method name="MoveNext" signature="()" line-rate="0.5714" branch-rate="0.5" complexity="2">
              <lines>
                <line number="76" hits="2" branch="False" />
                <line number="77" hits="2" branch="True" condition-coverage="50% (1/2)">
                  <conditions>
                    <condition number="144" type="jump" coverage="50%" />
                  </conditions>
                </line>
                <line number="78" hits="0" branch="False" />
                <line number="79" hits="0" branch="False" />
                <line number="80" hits="0" branch="False" />
                <line number="83" hits="2" branch="False" />
                <line number="84" hits="2" branch="False" />
              </lines>
            </method>
          </methods>
          <lines>
            <line number="76" hits="2" branch="False" />
            <line number="77" hits="2" branch="True" condition-coverage="50% (1/2)">
              <conditions>
                <condition number="144" type="jump" coverage="50%" />
              </conditions>
            </line>
            <line number="78" hits="0" branch="False" />
            <line number="79" hits="0" branch="False" />
            <line number="80" hits="0" branch="False" />
            <line number="83" hits="2" branch="False" />
            <line number="84" hits="2" branch="False" />
          </lines>
        </class>
        <class name="TodoApi.Controllers.TodoListsController/&lt;GetTodoList&gt;d__4" filename="TodoApi\Controllers\TodoListsController.cs" line-rate="1" branch-rate="1" complexity="2">
          <methods>
            <method name="MoveNext" signature="()" line-rate="1" branch-rate="1" complexity="2">
              <lines>
                <line number="35" hits="2" branch="False" />
                <line number="36" hits="2" branch="False" />
                <line number="38" hits="2" branch="True" condition-coverage="100% (2/2)">
                  <conditions>
                    <condition number="164" type="jump" coverage="100%" />
                  </conditions>
                </line>
                <line number="39" hits="1" branch="False" />
                <line number="40" hits="1" branch="False" />
                <line number="41" hits="1" branch="False" />
                <line number="44" hits="1" branch="False" />
                <line number="45" hits="2" branch="False" />
              </lines>
            </method>
          </methods>
          <lines>
            <line number="35" hits="2" branch="False" />
            <line number="36" hits="2" branch="False" />
            <line number="38" hits="2" branch="True" condition-coverage="100% (2/2)">
              <conditions>
                <condition number="164" type="jump" coverage="100%" />
              </conditions>
            </line>
            <line number="39" hits="1" branch="False" />
            <line number="40" hits="1" branch="False" />
            <line number="41" hits="1" branch="False" />
            <line number="44" hits="1" branch="False" />
            <line number="45" hits="2" branch="False" />
          </lines>
        </class>
        <class name="TodoApi.Controllers.TodoListsController/&lt;GetTodoLists&gt;d__3" filename="TodoApi\Controllers\TodoListsController.cs" line-rate="1" branch-rate="1" complexity="1">
          <methods>
            <method name="MoveNext" signature="()" line-rate="1" branch-rate="1" complexity="1">
              <lines>
                <line number="28" hits="2" branch="False" />
                <line number="29" hits="2" branch="False" />
                <line number="30" hits="2" branch="False" />
              </lines>
            </method>
          </methods>
          <lines>
            <line number="28" hits="2" branch="False" />
            <line number="29" hits="2" branch="False" />
            <line number="30" hits="2" branch="False" />
          </lines>
        </class>
        <class name="TodoApi.Controllers.TodoListsController/&lt;PostTodoList&gt;d__6" filename="TodoApi\Controllers\TodoListsController.cs" line-rate="1" branch-rate="1" complexity="1">
          <methods>
            <method name="MoveNext" signature="()" line-rate="1" branch-rate="1" complexity="1">
              <lines>
                <line number="67" hits="4" branch="False" />
                <line number="68" hits="4" branch="False" />
                <line number="70" hits="4" branch="False" />
                <line number="71" hits="4" branch="False" />
              </lines>
            </method>
          </methods>
          <lines>
            <line number="67" hits="4" branch="False" />
            <line number="68" hits="4" branch="False" />
            <line number="70" hits="4" branch="False" />
            <line number="71" hits="4" branch="False" />
          </lines>
        </class>
        <class name="TodoApi.Controllers.TodoListsController/&lt;PutTodoList&gt;d__5" filename="TodoApi\Controllers\TodoListsController.cs" line-rate="1" branch-rate="1" complexity="2">
          <methods>
            <method name="MoveNext" signature="()" line-rate="1" branch-rate="1" complexity="2">
              <lines>
                <line number="51" hits="3" branch="False" />
                <line number="52" hits="3" branch="False" />
                <line number="54" hits="3" branch="True" condition-coverage="100% (2/2)">
                  <conditions>
                    <condition number="170" type="jump" coverage="100%" />
                  </conditions>
                </line>
                <line number="55" hits="1" branch="False" />
                <line number="56" hits="1" branch="False" />
                <line number="57" hits="1" branch="False" />
                <line number="60" hits="2" branch="False" />
                <line number="61" hits="3" branch="False" />
              </lines>
            </method>
          </methods>
          <lines>
            <line number="51" hits="3" branch="False" />
            <line number="52" hits="3" branch="False" />
            <line number="54" hits="3" branch="True" condition-coverage="100% (2/2)">
              <conditions>
                <condition number="170" type="jump" coverage="100%" />
              </conditions>
            </line>
            <line number="55" hits="1" branch="False" />
            <line number="56" hits="1" branch="False" />
            <line number="57" hits="1" branch="False" />
            <line number="60" hits="2" branch="False" />
            <line number="61" hits="3" branch="False" />
          </lines>
        </class>
      </classes>
    </package>
  </packages>
</coverage>